Command: vcs -timescale=1ns/1fs -j4 -sverilog +v2k -full64 -Mupdate -R -debug_access+all \
-y /usr/cad/synopsys/synthesis/cur/dw/sim_ver/ +libext+.v -f filelist.f -o simv -l \
vcs.log +define+RTL +define+ +notimingchecks
*** Using c compiler gcc instead of cc ...
                         Chronologic VCS (TM)
         Version U-2023.03_Full64 -- Fri Jul 11 18:56:13 2025

                    Copyright (c) 1991 - 2023 Synopsys, Inc.
   This software and the associated documentation are proprietary to Synopsys,
 Inc. This software may only be used in accordance with the terms and conditions
 of a written license agreement with Synopsys, Inc. All other use, reproduction,
   or distribution of this software is strictly prohibited.  Licensed Products
     communicate with Synopsys servers for the purpose of providing software
    updates, detecting software piracy and verifying that customers are using
    Licensed Products in conformity with the applicable License Key for such
  Licensed Products. Synopsys will use information gathered in connection with
    this process to deliver software updates and pursue software pirates and
                                   infringers.

 Inclusivity & Diversity - Visit SolvNetPlus to read the "Synopsys Statement on
            Inclusivity and Diversity" (Refer to article 000036315 at
                        https://solvnetplus.synopsys.com)

Parsing design file 'tb_CONV1.sv'
Parsing included file '../Accelerator/Accelerator.sv'.
Parsing included file '../Controller/Controller.sv'.
Back to file '../Accelerator/Accelerator.sv'.
Parsing included file '../Triangle_Buffer/Triangle_Buffer.sv'.
Back to file '../Accelerator/Accelerator.sv'.
Parsing included file '../Systolic_Array/Systolic_Array.sv'.
Parsing included file '../Processing_Elements/Processing_Elements.sv'.
Back to file '../Systolic_Array/Systolic_Array.sv'.
Back to file '../Accelerator/Accelerator.sv'.
Back to file 'tb_CONV1.sv'.
Top Level Modules:
       tb_CONV1
TimeScale is 1 ns / 1 fs
Starting vcs inline pass...


Note-[VCS_PARAL] Parallel code-gen enabled
  VCS is running with parallel code generation(-j)...

5 modules and 0 UDP read.
recompiling module tb_CONV1
	However, due to incremental compilation, only 1 module needs to be compiled. 
make[1]: Entering directory `/home/M14/chialiu0618/Accelerator/Neural_Network/csrc' \

rm -f _cuarc*.so _csrc*.so pre_vcsobj_*.so share_vcsobj_*.so
if [ -x ../simv ]; then chmod a-x ../simv; fi
g++  -o ../simv      -rdynamic  -Wl,-rpath='$ORIGIN'/simv.daidir -Wl,-rpath=./simv.daidir \
-Wl,-rpath=/usr/cad/synopsys/vcs/2023.03/linux64/lib -L/usr/cad/synopsys/vcs/2023.03/linux64/lib \
-Wl,-rpath-link=./  /usr/lib64/libnuma.so.1   objs/amcQw_d.o   _7413_archive_1.so \
_7434_archive_1.so _prev_archive_1.so  SIM_l.o      rmapats_mop.o rmapats.o rmar.o \
rmar_nd.o  rmar_llvm_0_1.o rmar_llvm_0_0.o            -lvirsim -lerrorinf -lsnpsmalloc \
-lvfs    -lvcsnew -lsimprofile -luclinative /usr/cad/synopsys/vcs/2023.03/linux64/lib/vcs_tls.o \
-Wl,-whole-archive  -lvcsucli    -Wl,-no-whole-archive        _vcs_pli_stub_.o   \
/usr/cad/synopsys/vcs/2023.03/linux64/lib/vcs_save_restore_new.o /usr/cad/synopsys/verdi/2023.03/share/PLI/VCS/LINUX64/pli.a \
-ldl  -lc -lm -lpthread -ldl 
../simv up to date
make[1]: Leaving directory `/home/M14/chialiu0618/Accelerator/Neural_Network/csrc' \

Command: /home/M14/chialiu0618/Accelerator/Neural_Network/./simv +v2k +libext+.v -a vcs.log +define+RTL +define+ +notimingchecks
Chronologic VCS simulator copyright 1991-2023
Contains Synopsys proprietary information.
Compiler version U-2023.03_Full64; Runtime version U-2023.03_Full64;  Jul 11 18:56 2025
*Verdi* Loading libsscore_vcs202303.so
FSDB Dumper for VCS, Release Verdi_U-2023.03, Linux x86_64/64bit, 02/16/2023
(C) 1996 - 2023 by Synopsys, Inc.
*Verdi* FSDB WARNING: The FSDB file already exists. Overwriting the FSDB file may crash the programs that are using this file.
*Verdi* : Create FSDB file 'CONV1.fsdb'
*Verdi* : Begin traversing the scopes, layer (0).
*Verdi* : Enable +mda dumping.
*Verdi* : End of traversing.
************************************************************
                        Conv1 Layer                         
     INPUT: 1 Image * 28 * 28 Pixels (Padded to 30 * 30)    
     OUTPUT: 8 OFMAPS * 14 * 14 Pixels (ReLU + Pooled)      
************************************************************
Padded 30x30 Image:
  0   0   0   0   0   0   0   0   0   0   0   0   0   0   0   0   0   0   0   0   0   0   0   0   0   0   0   0   0   0 
  0   0   0   0   0   0   0   0   0   0   0   0   0   0   0   0   0   0   0   0   0   0   0   0   0   0   0   0   0   0 
  0   0   0   0   0   0   0   0   0   0   0   0   0   0   0   0   0   0   0   0   0   0   0   0   0   0   0   0   0   0 
  0   0   0   0   0   0   0   0   0   0   0   0   0   0   0   0   0   0   0   0   0   0   0   0   0   0   0   0   0   0 
  0   0   0   0   0   0   0   0   0   0   0   0   0   0   0   0   0   0   0   0   0   0   0   0   0   0   0   0   0   0 
  0   0   0   0   0   0   0   0   0   0   0   0   0   0   0   0   0   0   0   0   0   0   0   0   0   0   0   0   0   0 
  0   0   0   0   0   0   0   0   0   0   0   0   0   0   0   0   0   0   0   0   0   0   0   0   0   0   0   0   0   0 
  0   0   0   0   0   0   0   0   0   0   0   0   0   0   0   0   0   0   0   0   0   0   0   0   0   0   0   0   0   0 
  0   0   0   0   0   0   0  42  92  79  75  30  18   0   0   0   0   0   0   0   0   0   0   0   0   0   0   0   0   0 
  0   0   0   0   0   0   0 111 127 127 127 127 120  99  99  99  99  99  99  99  99  85  26   0   0   0   0   0   0   0 
  0   0   0   0   0   0   0  33  57  36  57  81 113 127 112 127 127 127 125 114 127 127  70   0   0   0   0   0   0   0 
  0   0   0   0   0   0   0   0   0   0   0   0   8  33   7  33  33  33  29  10 118 127  53   0   0   0   0   0   0   0 
  0   0   0   0   0   0   0   0   0   0   0   0   0   0   0   0   0   0   0  41 126 104   9   0   0   0   0   0   0   0 
  0   0   0   0   0   0   0   0   0   0   0   0   0   0   0   0   0   0  11 116 127  41   0   0   0   0   0   0   0   0 
  0   0   0   0   0   0   0   0   0   0   0   0   0   0   0   0   0   0  64 127 119  22   0   0   0   0   0   0   0   0 
  0   0   0   0   0   0   0   0   0   0   0   0   0   0   0   0   0  29 124 127  31   0   0   0   0   0   0   0   0   0 
  0   0   0   0   0   0   0   0   0   0   0   0   0   0   0   0   0  66 127  93   2   0   0   0   0   0   0   0   0   0 
  0   0   0   0   0   0   0   0   0   0   0   0   0   0   0   0   4 102 124  29   0   0   0   0   0   0   0   0   0   0 
  0   0   0   0   0   0   0   0   0   0   0   0   0   0   0   0  63 127  91   0   0   0   0   0   0   0   0   0   0   0 
  0   0   0   0   0   0   0   0   0   0   0   0   0   0   0  37 125 120  28   0   0   0   0   0   0   0   0   0   0   0 
  0   0   0   0   0   0   0   0   0   0   0   0   0   0   9 110 127  83   0   0   0   0   0   0   0   0   0   0   0   0 
  0   0   0   0   0   0   0   0   0   0   0   0   0   1 101 127 109  17   0   0   0   0   0   0   0   0   0   0   0   0 
  0   0   0   0   0   0   0   0   0   0   0   0   0  19 127 127  38   0   0   0   0   0   0   0   0   0   0   0   0   0 
  0   0   0   0   0   0   0   0   0   0   0   0  15 112 127  57   0   0   0   0   0   0   0   0   0   0   0   0   0   0 
  0   0   0   0   0   0   0   0   0   0   0   0  66 127 127  26   0   0   0   0   0   0   0   0   0   0   0   0   0   0 
  0   0   0   0   0   0   0   0   0   0   0  30 121 127 127  26   0   0   0   0   0   0   0   0   0   0   0   0   0   0 
  0   0   0   0   0   0   0   0   0   0   0  60 127 127 109  20   0   0   0   0   0   0   0   0   0   0   0   0   0   0 
  0   0   0   0   0   0   0   0   0   0   0  60 127 103   9   0   0   0   0   0   0   0   0   0   0   0   0   0   0   0 
  0   0   0   0   0   0   0   0   0   0   0   0   0   0   0   0   0   0   0   0   0   0   0   0   0   0   0   0   0   0 
  0   0   0   0   0   0   0   0   0   0   0   0   0   0   0   0   0   0   0   0   0   0   0   0   0   0   0   0   0   0 
************************************************************
                        SRAM Write!                        
 Received Word:  = 0000000000000000
************************************************************
************************************************************
                        SRAM Write!                        
 Received Word:  = 0000000000000000
************************************************************
************************************************************
                        SRAM Write!                        
 Received Word:  = 0000000000000000
************************************************************
************************************************************
                        SRAM Write!                        
 Received Word:  = 0000000000000000
************************************************************
************************************************************
                        SRAM Write!                        
 Received Word:  = 0000000000000000
************************************************************
************************************************************
                        SRAM Write!                        
 Received Word:  = 0000000000000000
************************************************************
************************************************************
                        SRAM Write!                        
 Received Word:  = 0000000000000000
************************************************************
************************************************************
                        SRAM Write!                        
 Received Word:  = 0000000000000000
************************************************************
************************************************************
                        SRAM Write!                        
 Received Word:  = 0000000000000000
************************************************************
************************************************************
                        SRAM Write!                        
 Received Word:  = 0000000000000000
************************************************************
************************************************************
                        SRAM Write!                        
 Received Word:  = 0000000000000000
************************************************************
************************************************************
                        SRAM Write!                        
 Received Word:  = 0000000000000000
************************************************************
************************************************************
                        SRAM Write!                        
 Received Word:  = 0000000000000000
************************************************************
************************************************************
                        SRAM Write!                        
 Received Word:  = 0000000000000000
************************************************************
************************************************************
                        SRAM Write!                        
 Received Word:  = 0000000000000000
************************************************************
************************************************************
                        SRAM Write!                        
 Received Word:  = 0000000000000000
************************************************************
************************************************************
                        SRAM Write!                        
 Received Word:  = 0000000000000000
************************************************************
************************************************************
                        SRAM Write!                        
 Received Word:  = 0000000000000000
************************************************************
************************************************************
                        SRAM Write!                        
 Received Word:  = 0000000000000000
************************************************************
************************************************************
                        SRAM Write!                        
 Received Word:  = 0000000000000000
************************************************************
************************************************************
                        SRAM Write!                        
 Received Word:  = 0000000000000000
************************************************************
************************************************************
                        SRAM Write!                        
 Received Word:  = 0000000000000000
************************************************************
************************************************************
                        SRAM Write!                        
 Received Word:  = 0000000000000000
************************************************************
************************************************************
                        SRAM Write!                        
 Received Word:  = 0000000000000000
************************************************************
************************************************************
                        SRAM Write!                        
 Received Word:  = 0000000000000000
************************************************************
************************************************************
                        SRAM Write!                        
 Received Word:  = 0000000000000000
************************************************************
************************************************************
                        SRAM Write!                        
 Received Word:  = 0000000000000000
************************************************************
************************************************************
                        SRAM Write!                        
 Received Word:  = 0000000000000000
************************************************************
************************************************************
                        SRAM Write!                        
 Received Word:  = 0000000000000000
************************************************************
************************************************************
                        SRAM Write!                        
 Received Word:  = 0000000000000000
************************************************************
************************************************************
                        SRAM Write!                        
 Received Word:  = 0000000000000000
************************************************************
************************************************************
                        SRAM Write!                        
 Received Word:  = 0000000000000000
************************************************************
************************************************************
                        SRAM Write!                        
 Received Word:  = 0000000000000000
************************************************************
************************************************************
                        SRAM Write!                        
 Received Word:  = 0000000000000000
************************************************************
************************************************************
                        SRAM Write!                        
 Received Word:  = 0000000000000000
************************************************************
************************************************************
                        SRAM Write!                        
 Received Word:  = 0000000000000000
************************************************************
************************************************************
                        SRAM Write!                        
 Received Word:  = 0000000000000000
************************************************************
************************************************************
                        SRAM Write!                        
 Received Word:  = 0000000000000000
************************************************************
************************************************************
                        SRAM Write!                        
 Received Word:  = 0000000000000000
************************************************************
************************************************************
                        SRAM Write!                        
 Received Word:  = 0000000000000000
************************************************************
************************************************************
                        SRAM Write!                        
 Received Word:  = 0000000000000000
************************************************************
************************************************************
                        SRAM Write!                        
 Received Word:  = 0000000000000000
************************************************************
************************************************************
                        SRAM Write!                        
 Received Word:  = 0000000000000000
************************************************************
************************************************************
                        SRAM Write!                        
 Received Word:  = 0000000000000000
************************************************************
************************************************************
                        SRAM Write!                        
 Received Word:  = 0000010100010201
************************************************************
************************************************************
                        SRAM Write!                        
 Received Word:  = 0002070401020504
************************************************************
************************************************************
                        SRAM Write!                        
 Received Word:  = 0003080501030504
************************************************************
************************************************************
                        SRAM Write!                        
 Received Word:  = 0003060301030403
************************************************************
************************************************************
                        SRAM Write!                        
 Received Word:  = 0002050100020302
************************************************************
************************************************************
                        SRAM Write!                        
 Received Word:  = 0001040100010301
************************************************************
************************************************************
                        SRAM Write!                        
 Received Word:  = 0001040100010301
************************************************************
************************************************************
                        SRAM Write!                        
 Received Word:  = 0001040100010301
************************************************************
************************************************************
                        SRAM Write!                        
 Received Word:  = 0001030001000101
************************************************************
************************************************************
                        SRAM Write!                        
 Received Word:  = 0000000000000000
************************************************************
************************************************************
                        SRAM Write!                        
 Received Word:  = 0000000000000000
************************************************************
************************************************************
                        SRAM Write!                        
 Received Word:  = 0000000000000000
************************************************************
************************************************************
                        SRAM Write!                        
 Received Word:  = 0000000000000000
************************************************************
************************************************************
                        SRAM Write!                        
 Received Word:  = 0000000000000000
************************************************************
************************************************************
                        SRAM Write!                        
 Received Word:  = 0100010200010301
************************************************************
************************************************************
                        SRAM Write!                        
 Received Word:  = 0602050805030603
************************************************************
************************************************************
                        SRAM Write!                        
 Received Word:  = 0703060805040605
************************************************************
************************************************************
                        SRAM Write!                        
 Received Word:  = 0703080805040605
************************************************************
************************************************************
                        SRAM Write!                        
 Received Word:  = 0503080806040605
************************************************************
************************************************************
                        SRAM Write!                        
 Received Word:  = 0503080905040605
************************************************************
************************************************************
                        SRAM Write!                        
 Received Word:  = 0403080906040605
************************************************************
************************************************************
                        SRAM Write!                        
 Received Word:  = 0403080905050905
************************************************************
************************************************************
                        SRAM Write!                        
 Received Word:  = 0004070707040504
************************************************************
************************************************************
                        SRAM Write!                        
 Received Word:  = 0002010101010002
************************************************************
************************************************************
                        SRAM Write!                        
 Received Word:  = 0000000000000000
************************************************************
************************************************************
                        SRAM Write!                        
 Received Word:  = 0000000000000000
************************************************************
************************************************************
                        SRAM Write!                        
 Received Word:  = 0000000000000000
************************************************************
************************************************************
                        SRAM Write!                        
 Received Word:  = 0000000000000000
************************************************************
************************************************************
                        SRAM Write!                        
 Received Word:  = 0000000000000100
************************************************************
************************************************************
                        SRAM Write!                        
 Received Word:  = 0200000101000100
************************************************************
************************************************************
                        SRAM Write!                        
 Received Word:  = 0300000201010200
************************************************************
************************************************************
                        SRAM Write!                        
 Received Word:  = 0500000402020400
************************************************************
************************************************************
                        SRAM Write!                        
 Received Word:  = 0601000404030400
************************************************************
************************************************************
                        SRAM Write!                        
 Received Word:  = 0701000404030401
************************************************************
************************************************************
                        SRAM Write!                        
 Received Word:  = 0701020404040401
************************************************************
************************************************************
                        SRAM Write!                        
 Received Word:  = 0402070905050902
************************************************************
************************************************************
                        SRAM Write!                        
 Received Word:  = 0306060708040504
************************************************************
************************************************************
                        SRAM Write!                        
 Received Word:  = 0101000001020001
************************************************************
************************************************************
                        SRAM Write!                        
 Received Word:  = 0000000000000000
************************************************************
************************************************************
                        SRAM Write!                        
 Received Word:  = 0000000000000000
************************************************************
************************************************************
                        SRAM Write!                        
 Received Word:  = 0000000000000000
************************************************************
************************************************************
                        SRAM Write!                        
 Received Word:  = 0000000000000000
************************************************************
************************************************************
                        SRAM Write!                        
 Received Word:  = 0000000000000000
************************************************************
************************************************************
                        SRAM Write!                        
 Received Word:  = 0000000000000000
************************************************************
************************************************************
                        SRAM Write!                        
 Received Word:  = 0000000000000000
************************************************************
************************************************************
                        SRAM Write!                        
 Received Word:  = 0000000000000000
************************************************************
************************************************************
                        SRAM Write!                        
 Received Word:  = 0000000000000000
************************************************************
************************************************************
                        SRAM Write!                        
 Received Word:  = 0000000000000000
************************************************************
************************************************************
                        SRAM Write!                        
 Received Word:  = 0000050500030802
************************************************************
************************************************************
                        SRAM Write!                        
 Received Word:  = 0206070908030904
************************************************************
************************************************************
                        SRAM Write!                        
 Received Word:  = 0306030407030103
************************************************************
************************************************************
                        SRAM Write!                        
 Received Word:  = 0000000000000000
************************************************************
************************************************************
                        SRAM Write!                        
 Received Word:  = 0000000000000000
************************************************************
************************************************************
                        SRAM Write!                        
 Received Word:  = 0000000000000000
************************************************************
************************************************************
                        SRAM Write!                        
 Received Word:  = 0000000000000000
************************************************************
************************************************************
                        SRAM Write!                        
 Received Word:  = 0000000000000000
************************************************************
************************************************************
                        SRAM Write!                        
 Received Word:  = 0000000000000000
************************************************************
************************************************************
                        SRAM Write!                        
 Received Word:  = 0000000000000000
************************************************************
************************************************************
                        SRAM Write!                        
 Received Word:  = 0000000000000000
************************************************************
************************************************************
                        SRAM Write!                        
 Received Word:  = 0000000000000000
************************************************************
************************************************************
                        SRAM Write!                        
 Received Word:  = 0000000000000000
************************************************************
************************************************************
                        SRAM Write!                        
 Received Word:  = 0000010200020301
************************************************************
************************************************************
                        SRAM Write!                        
 Received Word:  = 0002060906030903
************************************************************
************************************************************
                        SRAM Write!                        
 Received Word:  = 0306050808030604
************************************************************
************************************************************
                        SRAM Write!                        
 Received Word:  = 0301000002020001
************************************************************
************************************************************
                        SRAM Write!                        
 Received Word:  = 0000000000000000
************************************************************
************************************************************
                        SRAM Write!                        
 Received Word:  = 0000000000000000
************************************************************
************************************************************
                        SRAM Write!                        
 Received Word:  = 0000000000000000
************************************************************
************************************************************
                        SRAM Write!                        
 Received Word:  = 0000000000000000
************************************************************
************************************************************
                        SRAM Write!                        
 Received Word:  = 0000000000000000
************************************************************
************************************************************
                        SRAM Write!                        
 Received Word:  = 0000000000000000
************************************************************
************************************************************
                        SRAM Write!                        
 Received Word:  = 0000000000000000
************************************************************
************************************************************
                        SRAM Write!                        
 Received Word:  = 0000000000000000
************************************************************
************************************************************
                        SRAM Write!                        
 Received Word:  = 0000000000000000
************************************************************
************************************************************
                        SRAM Write!                        
 Received Word:  = 0000000000000100
************************************************************
************************************************************
                        SRAM Write!                        
 Received Word:  = 0000050500030802
************************************************************
************************************************************
                        SRAM Write!                        
 Received Word:  = 0206060808030803
************************************************************
************************************************************
                        SRAM Write!                        
 Received Word:  = 0305020306030103
************************************************************
************************************************************
                        SRAM Write!                        
 Received Word:  = 0000000000000000
************************************************************
************************************************************
                        SRAM Write!                        
 Received Word:  = 0000000000000000
************************************************************
************************************************************
                        SRAM Write!                        
 Received Word:  = 0000000000000000
************************************************************
************************************************************
                        SRAM Write!                        
 Received Word:  = 0000000000000000
************************************************************
************************************************************
                        SRAM Write!                        
 Received Word:  = 0000000000000000
************************************************************
************************************************************
                        SRAM Write!                        
 Received Word:  = 0000000000000000
************************************************************
************************************************************
                        SRAM Write!                        
 Received Word:  = 0000000000000000
************************************************************
************************************************************
                        SRAM Write!                        
 Received Word:  = 0000000000000000
************************************************************
************************************************************
                        SRAM Write!                        
 Received Word:  = 0000000000000000
************************************************************
************************************************************
                        SRAM Write!                        
 Received Word:  = 0000000000000000
************************************************************
************************************************************
                        SRAM Write!                        
 Received Word:  = 0000050200020601
************************************************************
************************************************************
                        SRAM Write!                        
 Received Word:  = 0004070907030803
************************************************************
************************************************************
                        SRAM Write!                        
 Received Word:  = 0306050808030503
************************************************************
************************************************************
                        SRAM Write!                        
 Received Word:  = 0200000001020001
************************************************************
************************************************************
                        SRAM Write!                        
 Received Word:  = 0000000000000000
************************************************************
************************************************************
                        SRAM Write!                        
 Received Word:  = 0000000000000000
************************************************************
************************************************************
                        SRAM Write!                        
 Received Word:  = 0000000000000000
************************************************************
************************************************************
                        SRAM Write!                        
 Received Word:  = 0000000000000000
************************************************************
************************************************************
                        SRAM Write!                        
 Received Word:  = 0000000000000000
************************************************************
************************************************************
                        SRAM Write!                        
 Received Word:  = 0000000000000000
************************************************************
************************************************************
                        SRAM Write!                        
 Received Word:  = 0000000000000000
************************************************************
************************************************************
                        SRAM Write!                        
 Received Word:  = 0000000000000000
************************************************************
************************************************************
                        SRAM Write!                        
 Received Word:  = 0000000000000000
************************************************************
************************************************************
                        SRAM Write!                        
 Received Word:  = 0000010100020201
************************************************************
************************************************************
                        SRAM Write!                        
 Received Word:  = 0002070803030802
************************************************************
************************************************************
                        SRAM Write!                        
 Received Word:  = 0405070908040804
************************************************************
************************************************************
                        SRAM Write!                        
 Received Word:  = 0404010205030102
************************************************************
************************************************************
                        SRAM Write!                        
 Received Word:  = 0000000000000000
************************************************************
************************************************************
                        SRAM Write!                        
 Received Word:  = 0000000000000000
************************************************************
************************************************************
                        SRAM Write!                        
 Received Word:  = 0000000000000000
************************************************************
************************************************************
                        SRAM Write!                        
 Received Word:  = 0000000000000000
************************************************************
************************************************************
                        SRAM Write!                        
 Received Word:  = 0000000000000000
************************************************************
************************************************************
                        SRAM Write!                        
 Received Word:  = 0000000000000000
************************************************************
************************************************************
                        SRAM Write!                        
 Received Word:  = 0000000000000000
************************************************************
************************************************************
                        SRAM Write!                        
 Received Word:  = 0000000000000000
************************************************************
************************************************************
                        SRAM Write!                        
 Received Word:  = 0000000000000000
************************************************************
************************************************************
                        SRAM Write!                        
 Received Word:  = 0000000000000000
************************************************************
************************************************************
                        SRAM Write!                        
 Received Word:  = 0000050500030802
************************************************************
************************************************************
                        SRAM Write!                        
 Received Word:  = 0005080a09040904
************************************************************
************************************************************
                        SRAM Write!                        
 Received Word:  = 0306030507030203
************************************************************
************************************************************
                        SRAM Write!                        
 Received Word:  = 0000000000000000
************************************************************
************************************************************
                        SRAM Write!                        
 Received Word:  = 0000000000000000
************************************************************
************************************************************
                        SRAM Write!                        
 Received Word:  = 0000000000000000
************************************************************
************************************************************
                        SRAM Write!                        
 Received Word:  = 0000000000000000
************************************************************
************************************************************
                        SRAM Write!                        
 Received Word:  = 0000000000000000
************************************************************
************************************************************
                        SRAM Write!                        
 Received Word:  = 0000000000000000
************************************************************
************************************************************
                        SRAM Write!                        
 Received Word:  = 0000000000000000
************************************************************
************************************************************
                        SRAM Write!                        
 Received Word:  = 0000000000000000
************************************************************
************************************************************
                        SRAM Write!                        
 Received Word:  = 0000000000000000
************************************************************
************************************************************
                        SRAM Write!                        
 Received Word:  = 0000000000000000
************************************************************
************************************************************
                        SRAM Write!                        
 Received Word:  = 0000010100010201
************************************************************
************************************************************
                        SRAM Write!                        
 Received Word:  = 0002070904030903
************************************************************
************************************************************
                        SRAM Write!                        
 Received Word:  = 0306080a09050a05
************************************************************
************************************************************
                        SRAM Write!                        
 Received Word:  = 0405020205030103
************************************************************
************************************************************
                        SRAM Write!                        
 Received Word:  = 0000000000000000
************************************************************
************************************************************
                        SRAM Write!                        
 Received Word:  = 0000000000000000
************************************************************
************************************************************
                        SRAM Write!                        
 Received Word:  = 0000000000000000
************************************************************
************************************************************
                        SRAM Write!                        
 Received Word:  = 0000000000000000
************************************************************
************************************************************
                        SRAM Write!                        
 Received Word:  = 0000000000000000
************************************************************
************************************************************
                        SRAM Write!                        
 Received Word:  = 0000000000000000
************************************************************
************************************************************
                        SRAM Write!                        
 Received Word:  = 0000000000000000
************************************************************
************************************************************
                        SRAM Write!                        
 Received Word:  = 0000000000000000
************************************************************
************************************************************
                        SRAM Write!                        
 Received Word:  = 0000000000000000
************************************************************
************************************************************
                        SRAM Write!                        
 Received Word:  = 0000000000000000
************************************************************
************************************************************
                        SRAM Write!                        
 Received Word:  = 0000000100010200
************************************************************
************************************************************
                        SRAM Write!                        
 Received Word:  = 0601020805020502
************************************************************
************************************************************
                        SRAM Write!                        
 Received Word:  = 0803000707040403
************************************************************
************************************************************
                        SRAM Write!                        
 Received Word:  = 0200000001020000
************************************************************
************************************************************
                        SRAM Write!                        
 Received Word:  = 0000000000000000
************************************************************
************************************************************
                        SRAM Write!                        
 Received Word:  = 0000000000000000
************************************************************
************************************************************
                        SRAM Write!                        
 Received Word:  = 0000000000000000
************************************************************
************************************************************
                        SRAM Write!                        
 Received Word:  = 0000000000000000
************************************************************
************************************************************
                        SRAM Write!                        
 Received Word:  = 0000000000000000
************************************************************
************************************************************
                        SRAM Write!                        
 Received Word:  = 0000000000000000
************************************************************
Output feature map written to output_feature_map.txt
----------------------------------------------------------------------------------------------------------------------
                                                  Congratulations!                                                    
                                           You have passed all patterns!                                               
                                           Your execution cycles =   224 cycles                                          
                                           Your clock period = 2.0 ns                                                 
                                           Total Latency = 448.0 ns                                                    
----------------------------------------------------------------------------------------------------------------------
$finish called from file "tb_CONV1.sv", line 464.
$finish at simulation time            463000000
           V C S   S i m u l a t i o n   R e p o r t 
Time: 463000000 fs
CPU Time:      0.660 seconds;       Data structure size:   0.9Mb
Fri Jul 11 18:56:18 2025
CPU time: 1.770 seconds to compile + .627 seconds to elab + .485 seconds to link + .719 seconds in simulation
